# JRE version: Java(TM) SE Runtime Environment (26.0.1+8) (build 26.0.1+8-34)
# Java VM: Java HotSpot(TM) 64-Bit Server VM (26.0.1+8-34, mixed mode, sharing, tiered, compressed oops, compressed class ptrs, g1 gc, windows-amd64)
GC Precious Log:
 CardTable entry size: 512
 Card Set container configuration: InlinePtr #cards 5 size 8 Array Of Cards #cards 10 size 36 Howl #buckets 4 coarsen threshold 1843 Howl Bitmap #cards 512 size 80 coarsen threshold 460 Card regions per heap region 1 cards per card region 2048
 CPUs: 16 total, 16 available
 Memory: 15556M
 Large Page Support: Disabled
 NUMA Support: Disabled
 Compressed Oops: Enabled (32-bit)
 Heap Region Size: 1M
 Heap Min Capacity: 256M
 Heap Initial Capacity: 256M
 Heap Max Capacity: 512M
 Pre-touch: Disabled
 Parallel Workers: 13
 Concurrent Workers: 3
 Concurrent Refinement Workers: 13
 Periodic GC: Disabled
Heap:
 garbage-first heap   total reserved 524288K, committed 262144K, used 96990K [0x00000000e0000000, 0x0000000100000000)
  region size 1M, 10 eden (10M), 6 survivor (6M), 76 old (76M), 5 humongous (5M), 159 free (159M)
GC Heap Usage History (20 events):
Event: 10.863 {heap Before GC invocations=6 (full 0):
 garbage-first heap   total reserved 524288K, committed 264192K, used 34951K [0x00000000e0000000, 0x0000000100000000)
  region size 1M, 4 eden (4M), 8 survivor (8M), 19 old (19M), 5 humongous (5M), 222 free (222M)
}
Event: 10.868 {heap After GC invocations=7 (full 0):
 garbage-first heap   total reserved 524288K, committed 264192K, used 32018K [0x00000000e0000000, 0x0000000100000000)
  region size 1M, 0 eden (0M), 8 survivor (8M), 19 old (19M), 5 humongous (5M), 226 free (226M)
}
Event: 16.048 {heap Before GC invocations=8 (full 0):
 garbage-first heap   total reserved 524288K, committed 264192K, used 180498K [0x00000000e0000000, 0x0000000100000000)
  region size 1M, 145 eden (145M), 8 survivor (8M), 19 old (19M), 5 humongous (5M), 81 free (81M)
}
Event: 16.061 {heap After GC invocations=9 (full 0):
 garbage-first heap   total reserved 524288K, committed 264192K, used 41819K [0x00000000e0000000, 0x0000000100000000)
  region size 1M, 0 eden (0M), 18 survivor (18M), 19 old (19M), 5 humongous (5M), 216 free (216M)
}
Event: 20.129 {heap Before GC invocations=9 (full 0):
 garbage-first heap   total reserved 524288K, committed 264192K, used 180059K [0x00000000e0000000, 0x0000000100000000)
  region size 1M, 135 eden (135M), 18 survivor (18M), 19 old (19M), 5 humongous (5M), 81 free (81M)
}
Event: 20.143 {heap After GC invocations=10 (full 0):
 garbage-first heap   total reserved 524288K, committed 264192K, used 51853K [0x00000000e0000000, 0x0000000100000000)
  region size 1M, 0 eden (0M), 20 survivor (20M), 26 old (26M), 5 humongous (5M), 207 free (207M)
}
Event: 30.687 {heap Before GC invocations=10 (full 0):
 garbage-first heap   total reserved 524288K, committed 264192K, used 181901K [0x00000000e0000000, 0x0000000100000000)
  region size 1M, 128 eden (128M), 20 survivor (20M), 26 old (26M), 5 humongous (5M), 79 free (79M)
}
Event: 30.704 {heap After GC invocations=11 (full 0):
 garbage-first heap   total reserved 524288K, committed 264192K, used 62719K [0x00000000e0000000, 0x0000000100000000)
  region size 1M, 0 eden (0M), 20 survivor (20M), 37 old (37M), 5 humongous (5M), 196 free (196M)
}
Event: 50.149 {heap Before GC invocations=12 (full 0):
 garbage-first heap   total reserved 524288K, committed 264192K, used 197887K [0x00000000e0000000, 0x0000000100000000)
  region size 1M, 133 eden (133M), 20 survivor (20M), 37 old (37M), 5 humongous (5M), 63 free (63M)
}
Event: 50.162 {heap After GC invocations=13 (full 0):
 garbage-first heap   total reserved 524288K, committed 262144K, used 72102K [0x00000000e0000000, 0x0000000100000000)
  region size 1M, 0 eden (0M), 9 survivor (9M), 58 old (58M), 5 humongous (5M), 184 free (184M)
}
Event: 184.598 {heap Before GC invocations=13 (full 0):
 garbage-first heap   total reserved 524288K, committed 262144K, used 218534K [0x00000000e0000000, 0x0000000100000000)
  region size 1M, 144 eden (144M), 9 survivor (9M), 58 old (58M), 5 humongous (5M), 40 free (40M)
}
Event: 184.605 {heap After GC invocations=14 (full 0):
 garbage-first heap   total reserved 524288K, committed 262144K, used 73772K [0x00000000e0000000, 0x0000000100000000)
  region size 1M, 0 eden (0M), 9 survivor (9M), 60 old (60M), 5 humongous (5M), 182 free (182M)
}
Event: 190.268 {heap Before GC invocations=14 (full 0):
 garbage-first heap   total reserved 524288K, committed 262144K, used 220204K [0x00000000e0000000, 0x0000000100000000)
  region size 1M, 144 eden (144M), 9 survivor (9M), 60 old (60M), 5 humongous (5M), 38 free (38M)
}
Event: 190.282 {heap After GC invocations=15 (full 0):
 garbage-first heap   total reserved 524288K, committed 262144K, used 85742K [0x00000000e0000000, 0x0000000100000000)
  region size 1M, 0 eden (0M), 20 survivor (20M), 60 old (60M), 5 humongous (5M), 171 free (171M)
}
Event: 192.665 {heap Before GC invocations=15 (full 0):
 garbage-first heap   total reserved 524288K, committed 262144K, used 221934K [0x00000000e0000000, 0x0000000100000000)
  region size 1M, 133 eden (133M), 20 survivor (20M), 60 old (60M), 5 humongous (5M), 38 free (38M)
}
Event: 192.685 {heap After GC invocations=16 (full 0):
 garbage-first heap   total reserved 524288K, committed 262144K, used 89117K [0x00000000e0000000, 0x0000000100000000)
  region size 1M, 0 eden (0M), 7 survivor (7M), 77 old (77M), 5 humongous (5M), 167 free (167M)
}
Event: 1521.697 {heap Before GC invocations=17 (full 0):
 garbage-first heap   total reserved 524288K, committed 262144K, used 237597K [0x00000000e0000000, 0x0000000100000000)
  region size 1M, 140 eden (140M), 7 survivor (7M), 77 old (77M), 11 humongous (11M), 21 free (21M)
}
Event: 1521.872 {heap After GC invocations=18 (full 0):
 garbage-first heap   total reserved 524288K, committed 262144K, used 88579K [0x00000000e0000000, 0x0000000100000000)
  region size 1M, 0 eden (0M), 6 survivor (6M), 77 old (77M), 5 humongous (5M), 168 free (168M)
}
Event: 1605.908 {heap Before GC invocations=18 (full 0):
 garbage-first heap   total reserved 524288K, committed 262144K, used 237059K [0x00000000e0000000, 0x0000000100000000)
  region size 1M, 145 eden (145M), 6 survivor (6M), 77 old (77M), 5 humongous (5M), 23 free (23M)
}
Event: 1605.975 {heap After GC invocations=19 (full 0):
 garbage-first heap   total reserved 524288K, committed 262144K, used 87774K [0x00000000e0000000, 0x0000000100000000)
  region size 1M, 0 eden (0M), 6 survivor (6M), 76 old (76M), 5 humongous (5M), 169 free (169M)
}

