# JRE version: Java(TM) SE Runtime Environment (26.0.1+8) (build 26.0.1+8-34)
# Java VM: Java HotSpot(TM) 64-Bit Server VM (26.0.1+8-34, mixed mode, sharing, tiered, compressed oops, compressed class ptrs, g1 gc, windows-amd64)
GC Precious Log:
 CardTable entry size: 512
 Card Set container configuration: InlinePtr #cards 5 size 8 Array Of Cards #cards 10 size 36 Howl #buckets 4 coarsen threshold 1843 Howl Bitmap #cards 512 size 80 coarsen threshold 460 Card regions per heap region 1 cards per card region 2048
 CPUs: 16 total, 16 available
 Memory: 15556M
 Large Page Support: Disabled
 NUMA Support: Disabled
 Compressed Oops: Enabled (32-bit)
 Heap Region Size: 1M
 Heap Min Capacity: 256M
 Heap Initial Capacity: 256M
 Heap Max Capacity: 512M
 Pre-touch: Disabled
 Parallel Workers: 13
 Concurrent Workers: 3
 Concurrent Refinement Workers: 13
 Periodic GC: Disabled
Heap:
 garbage-first heap   total reserved 524288K, committed 262144K, used 151420K [0x00000000e0000000, 0x0000000100000000)
  region size 1M, 72 eden (72M), 7 survivor (7M), 66 old (66M), 5 humongous (5M), 106 free (106M)
GC Heap Usage History (20 events):
Event: 12.159 {heap Before GC invocations=4 (full 0):
 garbage-first heap   total reserved 524288K, committed 264192K, used 137938K [0x00000000e0000000, 0x0000000100000000)
  region size 1M, 112 eden (112M), 10 survivor (10M), 11 old (11M), 5 humongous (5M), 120 free (120M)
}
Event: 12.168 {heap After GC invocations=5 (full 0):
 garbage-first heap   total reserved 524288K, committed 264192K, used 31538K [0x00000000e0000000, 0x0000000100000000)
  region size 1M, 0 eden (0M), 16 survivor (16M), 11 old (11M), 5 humongous (5M), 226 free (226M)
}
Event: 12.220 {heap Before GC invocations=5 (full 0):
 garbage-first heap   total reserved 524288K, committed 264192K, used 33586K [0x00000000e0000000, 0x0000000100000000)
  region size 1M, 3 eden (3M), 16 survivor (16M), 11 old (11M), 5 humongous (5M), 223 free (223M)
}
Event: 12.227 {heap After GC invocations=6 (full 0):
 garbage-first heap   total reserved 524288K, committed 264192K, used 31941K [0x00000000e0000000, 0x0000000100000000)
  region size 1M, 0 eden (0M), 8 survivor (8M), 19 old (19M), 5 humongous (5M), 226 free (226M)
}
Event: 12.294 {heap Before GC invocations=6 (full 0):
 garbage-first heap   total reserved 524288K, committed 264192K, used 35013K [0x00000000e0000000, 0x0000000100000000)
  region size 1M, 4 eden (4M), 8 survivor (8M), 19 old (19M), 5 humongous (5M), 222 free (222M)
}
Event: 12.299 {heap After GC invocations=7 (full 0):
 garbage-first heap   total reserved 524288K, committed 264192K, used 32069K [0x00000000e0000000, 0x0000000100000000)
  region size 1M, 0 eden (0M), 8 survivor (8M), 19 old (19M), 5 humongous (5M), 226 free (226M)
}
Event: 17.513 {heap Before GC invocations=8 (full 0):
 garbage-first heap   total reserved 524288K, committed 264192K, used 180549K [0x00000000e0000000, 0x0000000100000000)
  region size 1M, 145 eden (145M), 8 survivor (8M), 19 old (19M), 5 humongous (5M), 81 free (81M)
}
Event: 17.525 {heap After GC invocations=9 (full 0):
 garbage-first heap   total reserved 524288K, committed 264192K, used 41862K [0x00000000e0000000, 0x0000000100000000)
  region size 1M, 0 eden (0M), 18 survivor (18M), 19 old (19M), 5 humongous (5M), 216 free (216M)
}
Event: 20.761 {heap Before GC invocations=9 (full 0):
 garbage-first heap   total reserved 524288K, committed 264192K, used 179078K [0x00000000e0000000, 0x0000000100000000)
  region size 1M, 135 eden (135M), 18 survivor (18M), 19 old (19M), 5 humongous (5M), 81 free (81M)
}
Event: 20.776 {heap After GC invocations=10 (full 0):
 garbage-first heap   total reserved 524288K, committed 264192K, used 52678K [0x00000000e0000000, 0x0000000100000000)
  region size 1M, 0 eden (0M), 20 survivor (20M), 27 old (27M), 5 humongous (5M), 206 free (206M)
}
Event: 32.021 {heap Before GC invocations=10 (full 0):
 garbage-first heap   total reserved 524288K, committed 264192K, used 181702K [0x00000000e0000000, 0x0000000100000000)
  region size 1M, 127 eden (127M), 20 survivor (20M), 27 old (27M), 5 humongous (5M), 79 free (79M)
}
Event: 32.040 {heap After GC invocations=11 (full 0):
 garbage-first heap   total reserved 524288K, committed 264192K, used 63197K [0x00000000e0000000, 0x0000000100000000)
  region size 1M, 0 eden (0M), 20 survivor (20M), 37 old (37M), 5 humongous (5M), 196 free (196M)
}
Event: 36.423 {heap Before GC invocations=12 (full 0):
 garbage-first heap   total reserved 524288K, committed 264192K, used 199389K [0x00000000e0000000, 0x0000000100000000)
  region size 1M, 133 eden (133M), 20 survivor (20M), 37 old (37M), 5 humongous (5M), 63 free (63M)
}
Event: 36.439 {heap After GC invocations=13 (full 0):
 garbage-first heap   total reserved 524288K, committed 262144K, used 77405K [0x00000000e0000000, 0x0000000100000000)
  region size 1M, 0 eden (0M), 13 survivor (13M), 58 old (58M), 5 humongous (5M), 180 free (180M)
}
Event: 39.566 {heap Before GC invocations=13 (full 0):
 garbage-first heap   total reserved 524288K, committed 262144K, used 220765K [0x00000000e0000000, 0x0000000100000000)
  region size 1M, 140 eden (140M), 13 survivor (13M), 58 old (58M), 5 humongous (5M), 40 free (40M)
}
Event: 39.574 {heap After GC invocations=14 (full 0):
 garbage-first heap   total reserved 524288K, committed 262144K, used 79130K [0x00000000e0000000, 0x0000000100000000)
  region size 1M, 0 eden (0M), 7 survivor (7M), 66 old (66M), 5 humongous (5M), 178 free (178M)
}
Event: 975.941 {heap Before GC invocations=14 (full 0):
 garbage-first heap   total reserved 524288K, committed 262144K, used 239898K [0x00000000e0000000, 0x0000000100000000)
  region size 1M, 146 eden (146M), 7 survivor (7M), 66 old (66M), 17 humongous (17M), 20 free (20M)
}
Event: 975.967 {heap After GC invocations=15 (full 0):
 garbage-first heap   total reserved 524288K, committed 262144K, used 79328K [0x00000000e0000000, 0x0000000100000000)
  region size 1M, 0 eden (0M), 7 survivor (7M), 66 old (66M), 5 humongous (5M), 178 free (178M)
}
Event: 1412.340 {heap Before GC invocations=15 (full 0):
 garbage-first heap   total reserved 524288K, committed 262144K, used 228832K [0x00000000e0000000, 0x0000000100000000)
  region size 1M, 146 eden (146M), 7 survivor (7M), 66 old (66M), 5 humongous (5M), 32 free (32M)
}
Event: 1412.436 {heap After GC invocations=16 (full 0):
 garbage-first heap   total reserved 524288K, committed 262144K, used 78716K [0x00000000e0000000, 0x0000000100000000)
  region size 1M, 0 eden (0M), 7 survivor (7M), 66 old (66M), 5 humongous (5M), 178 free (178M)
}

